Base path: C:/Program Files/Unity/Hub/Editor/2019.1.14f1/Editor/Data
Cmd: initializeCompiler
Cmd: disassembleShader
  api=9 insize=8579 outsize=8579 ok=1
Cmd: disassembleShader
  api=9 insize=10115 outsize=10115 ok=1
Cmd: disassembleShader
  api=9 insize=10461 outsize=10461 ok=1
Cmd: disassembleShader
  api=9 insize=11998 outsize=11998 ok=1
Cmd: disassembleShader
  api=9 insize=8579 outsize=8579 ok=1
Cmd: disassembleShader
  api=9 insize=11677 outsize=11677 ok=1
Cmd: disassembleShader
  api=9 insize=10461 outsize=10461 ok=1
Cmd: disassembleShader
  api=9 insize=13560 outsize=13560 ok=1
Cmd: disassembleShader
  api=9 insize=0 outsize=57 ok=1
Cmd: disassembleShader
  api=9 insize=0 outsize=57 ok=1
Cmd: disassembleShader
  api=9 insize=0 outsize=57 ok=1
Cmd: disassembleShader
  api=9 insize=0 outsize=57 ok=1
Cmd: disassembleShader
  api=9 insize=7747 outsize=7747 ok=1
Cmd: disassembleShader
  api=9 insize=5601 outsize=5601 ok=1
Cmd: disassembleShader
  api=9 insize=7298 outsize=7298 ok=1
Cmd: disassembleShader
  api=9 insize=7055 outsize=7055 ok=1
Cmd: disassembleShader
  api=9 insize=6654 outsize=6654 ok=1
Cmd: disassembleShader
  api=9 insize=8238 outsize=8238 ok=1
Cmd: disassembleShader
  api=9 insize=8957 outsize=8957 ok=1
Cmd: disassembleShader
  api=9 insize=6591 outsize=6591 ok=1
Cmd: disassembleShader
  api=9 insize=7614 outsize=7614 ok=1
Cmd: disassembleShader
  api=9 insize=7861 outsize=7861 ok=1
Cmd: disassembleShader
  api=9 insize=8566 outsize=8566 ok=1
Cmd: disassembleShader
  api=9 insize=8032 outsize=8032 ok=1
Cmd: disassembleShader
  api=9 insize=8737 outsize=8737 ok=1
Cmd: disassembleShader
  api=9 insize=0 outsize=57 ok=1
Cmd: disassembleShader
  api=9 insize=0 outsize=57 ok=1
Cmd: disassembleShader
  api=9 insize=0 outsize=57 ok=1
Cmd: disassembleShader
  api=9 insize=0 outsize=57 ok=1
Cmd: disassembleShader
  api=9 insize=0 outsize=57 ok=1
Cmd: disassembleShader
  api=9 insize=0 outsize=57 ok=1
Cmd: disassembleShader
  api=9 insize=0 outsize=57 ok=1
Cmd: disassembleShader
  api=9 insize=0 outsize=57 ok=1
Cmd: disassembleShader
  api=9 insize=0 outsize=57 ok=1
Cmd: disassembleShader
  api=9 insize=0 outsize=57 ok=1
Cmd: disassembleShader
  api=9 insize=0 outsize=57 ok=1
Cmd: disassembleShader
  api=9 insize=0 outsize=57 ok=1
Cmd: disassembleShader
  api=9 insize=0 outsize=57 ok=1
Cmd: disassembleShader
  api=9 insize=3025 outsize=3025 ok=1
Cmd: disassembleShader
  api=9 insize=2798 outsize=2798 ok=1
Cmd: disassembleShader
  api=9 insize=0 outsize=57 ok=1
Cmd: disassembleShader
  api=9 insize=0 outsize=57 ok=1
Cmd: disassembleShader
  api=9 insize=5108 outsize=5108 ok=1
Cmd: disassembleShader
  api=9 insize=6695 outsize=6695 ok=1
Cmd: disassembleShader
  api=9 insize=5108 outsize=5108 ok=1
Cmd: disassembleShader
  api=9 insize=6649 outsize=6649 ok=1
Cmd: disassembleShader
  api=9 insize=0 outsize=57 ok=1
Cmd: disassembleShader
  api=9 insize=0 outsize=57 ok=1
Cmd: disassembleShader
  api=9 insize=0 outsize=57 ok=1
Cmd: disassembleShader
  api=9 insize=0 outsize=57 ok=1
Cmd: disassembleShader
  api=9 insize=7658 outsize=7658 ok=1
Cmd: disassembleShader
  api=9 insize=9219 outsize=9219 ok=1
Cmd: disassembleShader
  api=9 insize=10461 outsize=10461 ok=1
Cmd: disassembleShader
  api=9 insize=11998 outsize=11998 ok=1
Cmd: disassembleShader
  api=9 insize=7658 outsize=7658 ok=1
Cmd: disassembleShader
  api=9 insize=10510 outsize=10510 ok=1
Cmd: disassembleShader
  api=9 insize=10461 outsize=10461 ok=1
Cmd: disassembleShader
  api=9 insize=13560 outsize=13560 ok=1
Cmd: disassembleShader
  api=9 insize=0 outsize=57 ok=1
Cmd: disassembleShader
  api=9 insize=0 outsize=57 ok=1
Cmd: disassembleShader
  api=9 insize=0 outsize=57 ok=1
Cmd: disassembleShader
  api=9 insize=0 outsize=57 ok=1
Cmd: disassembleShader
  api=9 insize=7151 outsize=7151 ok=1
Cmd: disassembleShader
  api=9 insize=5875 outsize=5875 ok=1
Cmd: disassembleShader
  api=9 insize=7528 outsize=7528 ok=1
Cmd: disassembleShader
  api=9 insize=7322 outsize=7322 ok=1
Cmd: disassembleShader
  api=9 insize=6951 outsize=6951 ok=1
Cmd: disassembleShader
  api=9 insize=8441 outsize=8441 ok=1
Cmd: disassembleShader
  api=9 insize=8496 outsize=8496 ok=1
Cmd: disassembleShader
  api=9 insize=9514 outsize=9514 ok=1
Cmd: disassembleShader
  api=9 insize=8082 outsize=8082 ok=1
Cmd: disassembleShader
  api=9 insize=8253 outsize=8253 ok=1
Cmd: disassembleShader
  api=9 insize=0 outsize=57 ok=1
Cmd: disassembleShader
  api=9 insize=0 outsize=57 ok=1
Cmd: disassembleShader
  api=9 insize=0 outsize=57 ok=1
Cmd: disassembleShader
  api=9 insize=0 outsize=57 ok=1
Cmd: disassembleShader
  api=9 insize=0 outsize=57 ok=1
Cmd: disassembleShader
  api=9 insize=0 outsize=57 ok=1
Cmd: disassembleShader
  api=9 insize=0 outsize=57 ok=1
Cmd: disassembleShader
  api=9 insize=0 outsize=57 ok=1
Cmd: disassembleShader
  api=9 insize=0 outsize=57 ok=1
Cmd: disassembleShader
  api=9 insize=0 outsize=57 ok=1
Cmd: disassembleShader
  api=9 insize=3025 outsize=3025 ok=1
Cmd: disassembleShader
  api=9 insize=2798 outsize=2798 ok=1
Cmd: disassembleShader
  api=9 insize=0 outsize=57 ok=1
Cmd: disassembleShader
  api=9 insize=0 outsize=57 ok=1
Cmd: compileSnippet
  api=4 type=0 insize=1596 outsize=2254 kw=UNITY_PASS_FORWARDBASE DIRECTIONAL SHADOWS_SCREEN LIGHTPROBE_SH _EMISSION _NORMALMAP pd=UNITY_NO_DXT5nm UNITY_ENABLE_REFLECTION_BUFFERS UNITY_NO_CUBEMAP_ARRAY UNITY_NO_SCREENSPACE_SHADOWS UNITY_PBS_USE_BRDF2 SHADER_API_DESKTOP UNITY_HARDWARE_TIER3 UNITY_COLORSPACE_GAMMA UNITY_LIGHTMAP_DLDR_ENCODING ok=1
Cmd: compileSnippet
  api=4 type=1 insize=1596 outsize=3894 kw=UNITY_PASS_FORWARDBASE DIRECTIONAL SHADOWS_SCREEN LIGHTPROBE_SH _EMISSION pd=UNITY_NO_DXT5nm UNITY_ENABLE_REFLECTION_BUFFERS UNITY_NO_CUBEMAP_ARRAY UNITY_NO_SCREENSPACE_SHADOWS UNITY_PBS_USE_BRDF2 SHADER_API_DESKTOP UNITY_HARDWARE_TIER3 UNITY_COLORSPACE_GAMMA UNITY_LIGHTMAP_DLDR_ENCODING ok=1
